mode: set
realworld-backend/articles/models.go:55.70,57.23 2 1
realworld-backend/articles/models.go:57.23,59.3 1 1
realworld-backend/articles/models.go:60.2,65.25 4 1
realworld-backend/articles/models.go:68.51,75.2 4 1
realworld-backend/articles/models.go:77.70,85.2 4 1
realworld-backend/articles/models.go:87.69,95.2 4 1
realworld-backend/articles/models.go:97.71,104.2 3 1
realworld-backend/articles/models.go:106.38,110.2 3 1
realworld-backend/articles/models.go:112.66,117.16 5 1
realworld-backend/articles/models.go:117.16,120.3 2 1
realworld-backend/articles/models.go:121.2,125.19 5 1
realworld-backend/articles/models.go:128.47,132.34 4 1
realworld-backend/articles/models.go:132.34,135.3 2 1
realworld-backend/articles/models.go:136.2,137.12 2 1
realworld-backend/articles/models.go:140.39,145.2 4 1
realworld-backend/articles/models.go:147.97,153.16 5 1
realworld-backend/articles/models.go:153.16,155.3 1 1
realworld-backend/articles/models.go:157.2,158.16 2 1
realworld-backend/articles/models.go:158.16,160.3 1 1
realworld-backend/articles/models.go:162.2,163.15 2 1
realworld-backend/articles/models.go:163.15,166.23 3 1
realworld-backend/articles/models.go:166.23,169.4 2 1
realworld-backend/articles/models.go:170.8,170.25 1 1
realworld-backend/articles/models.go:170.25,175.31 4 1
realworld-backend/articles/models.go:175.31,178.4 2 1
realworld-backend/articles/models.go:179.8,179.28 1 1
realworld-backend/articles/models.go:179.28,183.31 4 1
realworld-backend/articles/models.go:183.31,190.44 4 1
realworld-backend/articles/models.go:190.44,194.5 3 1
realworld-backend/articles/models.go:196.8,199.3 2 1
realworld-backend/articles/models.go:201.2,201.27 1 1
realworld-backend/articles/models.go:201.27,205.3 3 1
realworld-backend/articles/models.go:206.2,207.27 2 1
realworld-backend/articles/models.go:210.97,216.16 5 1
realworld-backend/articles/models.go:216.16,218.3 1 1
realworld-backend/articles/models.go:219.2,220.16 2 1
realworld-backend/articles/models.go:220.16,222.3 1 1
realworld-backend/articles/models.go:224.2,227.39 4 1
realworld-backend/articles/models.go:227.39,230.3 2 1
realworld-backend/articles/models.go:232.2,234.27 2 1
realworld-backend/articles/models.go:234.27,238.3 3 1
realworld-backend/articles/models.go:239.2,240.27 2 1
realworld-backend/articles/models.go:243.57,246.27 3 1
realworld-backend/articles/models.go:246.27,249.17 3 1
realworld-backend/articles/models.go:249.17,251.4 1 0
realworld-backend/articles/models.go:252.3,252.38 1 1
realworld-backend/articles/models.go:254.2,255.12 2 1
realworld-backend/articles/models.go:258.59,262.2 3 1
realworld-backend/articles/models.go:264.54,268.25 3 1
realworld-backend/articles/models.go:268.25,270.3 1 0
realworld-backend/articles/models.go:272.2,272.30 1 1
realworld-backend/articles/models.go:272.30,274.3 1 0
realworld-backend/articles/models.go:275.2,275.12 1 1
realworld-backend/articles/models.go:278.54,282.2 3 1
realworld-backend/articles/routers.go:12.48,20.2 7 1
realworld-backend/articles/routers.go:22.57,26.2 3 1
realworld-backend/articles/routers.go:28.53,30.2 1 1
realworld-backend/articles/routers.go:32.36,34.54 2 1
realworld-backend/articles/routers.go:34.54,37.3 2 1
realworld-backend/articles/routers.go:40.2,40.69 1 1
realworld-backend/articles/routers.go:40.69,43.3 2 0
realworld-backend/articles/routers.go:44.2,45.69 2 1
realworld-backend/articles/routers.go:48.34,56.16 7 1
realworld-backend/articles/routers.go:56.16,59.3 2 0
realworld-backend/articles/routers.go:60.2,61.94 2 1
realworld-backend/articles/routers.go:64.34,68.25 4 1
realworld-backend/articles/routers.go:68.25,71.3 2 1
realworld-backend/articles/routers.go:72.2,74.16 3 1
realworld-backend/articles/routers.go:74.16,77.3 2 0
realworld-backend/articles/routers.go:78.2,79.94 2 1
realworld-backend/articles/routers.go:82.38,84.20 2 1
realworld-backend/articles/routers.go:84.20,87.3 2 1
realworld-backend/articles/routers.go:88.2,89.16 2 1
realworld-backend/articles/routers.go:89.16,92.3 2 1
realworld-backend/articles/routers.go:93.2,94.64 2 1
realworld-backend/articles/routers.go:97.36,100.16 3 1
realworld-backend/articles/routers.go:100.16,103.3 2 0
realworld-backend/articles/routers.go:104.2,105.54 2 1
realworld-backend/articles/routers.go:105.54,108.3 2 1
realworld-backend/articles/routers.go:110.2,111.80 2 1
realworld-backend/articles/routers.go:111.80,114.3 2 0
realworld-backend/articles/routers.go:115.2,116.64 2 1
realworld-backend/articles/routers.go:119.36,122.16 3 1
realworld-backend/articles/routers.go:122.16,125.3 2 0
realworld-backend/articles/routers.go:126.2,126.59 1 1
realworld-backend/articles/routers.go:129.38,132.16 3 1
realworld-backend/articles/routers.go:132.16,135.3 2 0
realworld-backend/articles/routers.go:136.2,139.64 4 1
realworld-backend/articles/routers.go:142.40,145.16 3 1
realworld-backend/articles/routers.go:145.16,148.3 2 0
realworld-backend/articles/routers.go:149.2,152.64 4 1
realworld-backend/articles/routers.go:155.43,158.16 3 1
realworld-backend/articles/routers.go:158.16,161.3 2 0
realworld-backend/articles/routers.go:162.2,163.54 2 1
realworld-backend/articles/routers.go:163.54,166.3 2 1
realworld-backend/articles/routers.go:167.2,169.69 2 1
realworld-backend/articles/routers.go:169.69,172.3 2 0
realworld-backend/articles/routers.go:173.2,174.69 2 1
realworld-backend/articles/routers.go:177.43,180.16 3 1
realworld-backend/articles/routers.go:180.16,183.3 2 1
realworld-backend/articles/routers.go:184.2,185.16 2 1
realworld-backend/articles/routers.go:185.16,188.3 2 0
realworld-backend/articles/routers.go:189.2,189.59 1 1
realworld-backend/articles/routers.go:192.41,195.16 3 1
realworld-backend/articles/routers.go:195.16,198.3 2 0
realworld-backend/articles/routers.go:199.2,200.16 2 1
realworld-backend/articles/routers.go:200.16,203.3 2 0
realworld-backend/articles/routers.go:204.2,205.65 2 1
realworld-backend/articles/routers.go:207.30,209.16 2 1
realworld-backend/articles/routers.go:209.16,212.3 2 0
realworld-backend/articles/routers.go:213.2,214.61 2 1
realworld-backend/articles/serializers.go:19.43,21.2 1 1
realworld-backend/articles/serializers.go:23.46,25.29 2 1
realworld-backend/articles/serializers.go:25.29,28.3 2 1
realworld-backend/articles/serializers.go:29.2,29.17 1 1
realworld-backend/articles/serializers.go:37.66,40.2 2 1
realworld-backend/articles/serializers.go:66.56,83.29 5 1
realworld-backend/articles/serializers.go:83.29,86.3 2 1
realworld-backend/articles/serializers.go:87.2,87.17 1 1
realworld-backend/articles/serializers.go:90.59,92.37 2 1
realworld-backend/articles/serializers.go:92.37,95.3 2 1
realworld-backend/articles/serializers.go:96.2,96.17 1 1
realworld-backend/articles/serializers.go:117.56,127.2 3 1
realworld-backend/articles/serializers.go:129.59,131.37 2 1
realworld-backend/articles/serializers.go:131.37,134.3 2 1
realworld-backend/articles/serializers.go:135.2,135.17 1 1
realworld-backend/articles/validators.go:20.55,22.2 1 1
realworld-backend/articles/validators.go:24.88,29.45 5 1
realworld-backend/articles/validators.go:29.45,31.3 1 1
realworld-backend/articles/validators.go:32.2,32.30 1 1
realworld-backend/articles/validators.go:35.60,39.16 3 1
realworld-backend/articles/validators.go:39.16,41.3 1 1
realworld-backend/articles/validators.go:42.2,48.12 7 1
realworld-backend/articles/validators.go:58.55,60.2 1 1
realworld-backend/articles/validators.go:62.60,66.16 3 1
realworld-backend/articles/validators.go:66.16,68.3 1 1
realworld-backend/articles/validators.go:69.2,71.12 3 1
