mode: set
realworld-backend/common/database.go:18.22,20.16 2 1
realworld-backend/common/database.go:20.16,22.3 1 1
realworld-backend/common/database.go:23.2,26.11 3 1
realworld-backend/common/database.go:30.28,32.16 2 1
realworld-backend/common/database.go:32.16,34.3 1 1
realworld-backend/common/database.go:35.2,38.11 4 1
realworld-backend/common/database.go:42.41,46.2 3 1
realworld-backend/common/database.go:49.23,51.2 1 1
realworld-backend/common/utils.go:19.31,21.19 2 1
realworld-backend/common/utils.go:21.19,23.3 1 1
realworld-backend/common/utils.go:24.2,24.18 1 1
realworld-backend/common/utils.go:32.31,42.2 4 1
realworld-backend/common/utils.go:52.47,56.25 4 1
realworld-backend/common/utils.go:56.25,59.22 1 1
realworld-backend/common/utils.go:59.22,61.4 1 1
realworld-backend/common/utils.go:61.9,63.4 1 1
realworld-backend/common/utils.go:66.2,66.12 1 1
realworld-backend/common/utils.go:70.50,75.2 4 1
realworld-backend/common/utils.go:80.50,83.2 2 1
